C51 COMPILER V9.59.0.0   TIMER                                                             09/12/2018 16:14:55 PAGE 1   


C51 COMPILER V9.59.0.0, COMPILATION OF MODULE TIMER
OBJECT MODULE PLACED IN .\Objects\timer.obj
COMPILER INVOKED BY: D:\keil4\C51\BIN\C51.EXE ..\user\timer\timer.c OPTIMIZE(8,SPEED) BROWSE INCDIR(..\lib;..\user;..\us
                    -er\led;..\user\exit;..\user\stop_mode;..\user\TimeOut;..\user\timer;..\user\key) DEBUG OBJECTEXTEND PRINT(.\Listings\tim
                    -er.lst) TABS(2) OBJECT(.\Objects\timer.obj)

line level    source

   1          #include "timer.h"
   2          
   3          
   4          void Timer_Init(void)
   5          { 
   6   1        TMCON = 0X07;    //------111 ;Timer0、Tiemr1和Tiemr2选择时钟Fsys
   7   1        
   8   1        //T0设置
   9   1        TMOD |= 0x01;                 //0000 0001;Timer0设置工作方式1
  10   1        TL0 = (65536 - 1000)%256;    //溢出时间：时钟为Fsys，则24000*（1/Fsys）=1ms;
  11   1        TH0 = (65536 - 1000)/256;
  12   1        TR0 = 0;
  13   1        ET0 = 1;//定时器0允许
  14   1        TR0 = 1;//打开定时器0
  15   1        //T1设置
  16   1        TMOD |= 0x20;            //0010 0000;Timer1设置工作方式2
  17   1        TL1 = 256 - 240;   //溢出时间：时钟为Fsys，则240*（1/Fsys）=10us;
  18   1        TH1 = 256 - 240;
  19   1        TR1 = 0;
  20   1        ET1 = 1;//定时器1允许
  21   1        TR1 = 1;//打开定时器1
  22   1        //T2设置
  23   1        T2MOD = 0x00;
  24   1        T2CON = 0x00;  //设置为16位重载寄存器
  25   1        RCAP2H = (65536-48000)/256;     //溢出时间：时钟为Fsys，则48000*（1/Fsys）=2ms;
  26   1        RCAP2L = (65536-48000)%256;
  27   1        TR2 = 0;
  28   1        ET2 = 1;//定时器2允许
  29   1        TR2 = 1;//打开定时器2   
  30   1        /*
  31   1        //Timer2捕获功能
  32   1        T2CON = 0X09; //使能EXT2，16位捕获模式
  33   1        T2MOD = 0X00;
  34   1        TH2 = 0X00;
  35   1        TL2 = 0X00;
  36   1        RCAP2H = 0X00;
  37   1        RCAP2L = 0X00;
  38   1        TR2 = 0;
  39   1        ET2 = 1;//定时器2允许
  40   1        TR2 = 1;//打开定时器2 
  41   1        */
  42   1        
  43   1        //EA = 1; 
  44   1      }


MODULE INFORMATION:   STATIC OVERLAYABLE
   CODE SIZE        =     51    ----
   CONSTANT SIZE    =   ----    ----
   XDATA SIZE       =   ----    ----
   PDATA SIZE       =   ----    ----
   DATA SIZE        =   ----    ----
   IDATA SIZE       =   ----    ----
C51 COMPILER V9.59.0.0   TIMER                                                             09/12/2018 16:14:55 PAGE 2   

   BIT SIZE         =   ----    ----
END OF MODULE INFORMATION.


C51 COMPILATION COMPLETE.  0 WARNING(S),  0 ERROR(S)
